<?xml version="1.0" encoding="UTF-8"?>
<!-- Generated by org.testng.reporters.JUnitReportReporter -->
<testsuite hostname="IN3091888W1" failures="0" tests="2" name="com.Functionalities.AppTest2" time="117.799" errors="0" timestamp="2022-02-23T14:47:30 IST" skipped="0">
  <testcase classname="com.Functionalities.AppTest2" name="registration" time="64.511"/>
  <system-out/>
  <testcase classname="com.Functionalities.AppTest2" name="login" time="53.288"/>
  <system-out/>
</testsuite> <!-- com.Functionalities.AppTest2 -->
