<?xml version="1.0" encoding="UTF-8"?>
<!-- Generated by org.testng.reporters.JUnitReportReporter -->
<testsuite hostname="IN3091888W1" failures="0" tests="1" name="com.Functionalities.AppTest1" time="34.858" errors="0" timestamp="2022-02-20T15:18:47 IST" skipped="0">
  <testcase classname="com.Functionalities.AppTest1" name="appLogin" time="34.858"/>
  <system-out/>
</testsuite> <!-- com.Functionalities.AppTest1 -->
